<?xml version="1.0" encoding="UTF-8"?>
<!-- Generated by org.testng.reporters.JUnitReportReporter -->
<testsuite hostname="DESKTOP-P8EE625" failures="0" tests="1" name="com.actitime_automation_project.script.Verfyhomepage" time="28.217" errors="0" timestamp="2022-06-25T06:49:16 IST" skipped="0">
  <testcase classname="com.actitime_automation_project.script.Verfyhomepage" name="verfyhomepage" time="28.217"/>
  <system-out/>
</testsuite> <!-- com.actitime_automation_project.script.Verfyhomepage -->
